*** Starting uWSGI 2.0.17 (64bit) on [Thu Jul 12 12:36:31 2018] ***
compiled with version: 4.2.1 Compatible Apple LLVM 9.1.0 (clang-902.0.39.2) on 02 July 2018 06:26:33
os: Darwin-17.6.0 Darwin Kernel Version 17.6.0: Tue May  8 15:22:16 PDT 2018; root:xnu-4570.61.1~1/RELEASE_X86_64
nodename: AsminmatoMacBook-Air.local
machine: x86_64
clock source: unix
detected number of CPU cores: 4
current working directory: /Users/adnun/cj
writing pidfile to pid.uwsgi
detected binary path: /usr/local/bin/uwsgi
!!! no internal routing support, rebuild with pcre support !!!
chdir() to /Users/adnun/cj/
your processes number limit is 709
your memory page size is 4096 bytes
detected max file descriptor number: 256
building mime-types dictionary from file /etc/apache2/mime.types...1003 entry found
lock engine: OSX spinlocks
thunder lock: disabled (you can enable it with --thunder-lock)
uWSGI http bound on :8009 fd 3
uwsgi socket 0 bound to UNIX address /Users/adnun/cj/uwsgi.sock fd 6
Python version: 3.6.5 (default, Jun 17 2018, 12:13:06)  [GCC 4.2.1 Compatible Apple LLVM 9.1.0 (clang-902.0.39.2)]
*** Python threads support is disabled. You can enable it with --enable-threads ***
Python main interpreter initialized at 0x7fbce1806e00
your server socket listen backlog is limited to 100 connections
your mercy for graceful operations on workers is 60 seconds
mapped 364440 bytes (355 KB) for 4 cores
*** Operational MODE: preforking ***
WSGI app 0 (mountpoint='') ready in 1 seconds on interpreter 0x7fbce1806e00 pid: 1306 (default app)
*** uWSGI is running in multiple interpreter mode ***
spawned uWSGI master process (pid: 1306)
spawned uWSGI worker 1 (pid: 1307, cores: 1)
spawned uWSGI worker 2 (pid: 1308, cores: 1)
spawned uWSGI worker 3 (pid: 1309, cores: 1)
spawned uWSGI worker 4 (pid: 1310, cores: 1)
spawned uWSGI http 1 (pid: 1311)
*** Starting uWSGI 2.0.17 (64bit) on [Thu Jul 12 12:36:55 2018] ***
compiled with version: 4.2.1 Compatible Apple LLVM 9.1.0 (clang-902.0.39.2) on 02 July 2018 06:26:33
os: Darwin-17.6.0 Darwin Kernel Version 17.6.0: Tue May  8 15:22:16 PDT 2018; root:xnu-4570.61.1~1/RELEASE_X86_64
nodename: AsminmatoMacBook-Air.local
machine: x86_64
clock source: unix
detected number of CPU cores: 4
current working directory: /Users/adnun/cj
writing pidfile to pid.uwsgi
detected binary path: /usr/local/bin/uwsgi
!!! no internal routing support, rebuild with pcre support !!!
chdir() to /Users/adnun/cj/
your processes number limit is 709
your memory page size is 4096 bytes
detected max file descriptor number: 256
building mime-types dictionary from file /etc/apache2/mime.types...1003 entry found
lock engine: OSX spinlocks
thunder lock: disabled (you can enable it with --thunder-lock)
probably another instance of uWSGI is running on the same address (:8009).
bind(): Address already in use [core/socket.c line 769]
[pid: 1308|app: 0|req: 1/1] 127.0.0.1 () {38 vars in 695 bytes} [Thu Jul 12 12:37:06 2018] GET / => generated 74 bytes in 54 msecs (HTTP/1.1 404) 3 headers in 100 bytes (2 switches on core 0)
[pid: 1308|app: 0|req: 2/2] 127.0.0.1 () {38 vars in 695 bytes} [Thu Jul 12 12:37:11 2018] GET / => generated 74 bytes in 1 msecs (HTTP/1.1 404) 3 headers in 100 bytes (2 switches on core 0)
[pid: 1308|app: 0|req: 3/3] 127.0.0.1 () {38 vars in 709 bytes} [Thu Jul 12 12:37:14 2018] GET /polls/1 => generated 0 bytes in 2 msecs (HTTP/1.1 301) 3 headers in 114 bytes (2 switches on core 0)
[pid: 1308|app: 0|req: 4/4] 127.0.0.1 () {38 vars in 711 bytes} [Thu Jul 12 12:37:14 2018] GET /polls/1/ => generated 9708 bytes in 80 msecs (HTTP/1.1 200) 5 headers in 278 bytes (3 switches on core 0)
[pid: 1308|app: 0|req: 5/5] 127.0.0.1 () {38 vars in 668 bytes} [Thu Jul 12 12:37:15 2018] GET /favicon.ico => generated 85 bytes in 1 msecs (HTTP/1.1 404) 3 headers in 100 bytes (2 switches on core 0)
*** Starting uWSGI 2.0.17 (64bit) on [Thu Jul 12 13:16:28 2018] ***
compiled with version: 4.2.1 Compatible Apple LLVM 9.1.0 (clang-902.0.39.2) on 02 July 2018 06:26:33
os: Darwin-17.6.0 Darwin Kernel Version 17.6.0: Tue May  8 15:22:16 PDT 2018; root:xnu-4570.61.1~1/RELEASE_X86_64
nodename: AsminmatoMacBook-Air.local
machine: x86_64
clock source: unix
detected number of CPU cores: 4
current working directory: /Users/adnun/cj
writing pidfile to pid.uwsgi
detected binary path: /usr/local/bin/uwsgi
!!! no internal routing support, rebuild with pcre support !!!
chdir() to /Users/adnun/cj/
your processes number limit is 709
your memory page size is 4096 bytes
detected max file descriptor number: 2560
building mime-types dictionary from file /etc/apache2/mime.types...1003 entry found
lock engine: OSX spinlocks
thunder lock: disabled (you can enable it with --thunder-lock)
uWSGI http bound on :8009 fd 3
uwsgi socket 0 bound to UNIX address /Users/adnun/cj/uwsgi.sock fd 6
Python version: 3.6.5 (default, Jun 17 2018, 12:13:06)  [GCC 4.2.1 Compatible Apple LLVM 9.1.0 (clang-902.0.39.2)]
*** Python threads support is disabled. You can enable it with --enable-threads ***
Python main interpreter initialized at 0x7ff52e82b000
your server socket listen backlog is limited to 100 connections
your mercy for graceful operations on workers is 60 seconds
mapped 364440 bytes (355 KB) for 4 cores
*** Operational MODE: preforking ***
WSGI app 0 (mountpoint='') ready in 1 seconds on interpreter 0x7ff52e82b000 pid: 1427 (default app)
*** uWSGI is running in multiple interpreter mode ***
spawned uWSGI master process (pid: 1427)
spawned uWSGI worker 1 (pid: 1428, cores: 1)
spawned uWSGI worker 2 (pid: 1429, cores: 1)
spawned uWSGI worker 3 (pid: 1430, cores: 1)
spawned uWSGI worker 4 (pid: 1431, cores: 1)
spawned uWSGI http 1 (pid: 1432)
[pid: 1430|app: 0|req: 1/1] 127.0.0.1 () {38 vars in 695 bytes} [Thu Jul 12 13:16:40 2018] GET / => generated 74 bytes in 110 msecs (HTTP/1.1 404) 3 headers in 100 bytes (1 switches on core 0)
[pid: 1431|app: 0|req: 1/2] 127.0.0.1 () {38 vars in 711 bytes} [Thu Jul 12 13:16:43 2018] GET /polls/1/ => generated 9708 bytes in 128 msecs (HTTP/1.1 200) 5 headers in 278 bytes (3 switches on core 0)
[pid: 1431|app: 0|req: 2/3] 127.0.0.1 () {38 vars in 711 bytes} [Thu Jul 12 13:16:43 2018] GET /polls/1/ => generated 9708 bytes in 19 msecs (HTTP/1.1 200) 5 headers in 278 bytes (3 switches on core 0)
*** Starting uWSGI 2.0.17 (64bit) on [Thu Jul 12 13:23:58 2018] ***
compiled with version: 4.2.1 Compatible Apple LLVM 9.1.0 (clang-902.0.39.2) on 02 July 2018 06:26:33
os: Darwin-17.6.0 Darwin Kernel Version 17.6.0: Tue May  8 15:22:16 PDT 2018; root:xnu-4570.61.1~1/RELEASE_X86_64
nodename: AsminmatoMacBook-Air.local
machine: x86_64
clock source: unix
detected number of CPU cores: 4
current working directory: /Users/adnun/cj
writing pidfile to pid.uwsgi
detected binary path: /usr/local/bin/uwsgi
!!! no internal routing support, rebuild with pcre support !!!
chdir() to /Users/adnun/cj/
your processes number limit is 709
your memory page size is 4096 bytes
detected max file descriptor number: 2560
building mime-types dictionary from file /etc/apache2/mime.types...1003 entry found
lock engine: OSX spinlocks
thunder lock: disabled (you can enable it with --thunder-lock)
uWSGI http bound on :8009 fd 3
uwsgi socket 0 bound to UNIX address /Users/adnun/cj/uwsgi.sock fd 6
Python version: 3.6.5 (default, Jun 17 2018, 12:13:06)  [GCC 4.2.1 Compatible Apple LLVM 9.1.0 (clang-902.0.39.2)]
*** Python threads support is disabled. You can enable it with --enable-threads ***
Python main interpreter initialized at 0x7feeae010400
your server socket listen backlog is limited to 100 connections
your mercy for graceful operations on workers is 60 seconds
mapped 364440 bytes (355 KB) for 4 cores
*** Operational MODE: preforking ***
WSGI app 0 (mountpoint='') ready in 1 seconds on interpreter 0x7feeae010400 pid: 1459 (default app)
*** uWSGI is running in multiple interpreter mode ***
spawned uWSGI master process (pid: 1459)
spawned uWSGI worker 1 (pid: 1460, cores: 1)
spawned uWSGI worker 2 (pid: 1461, cores: 1)
spawned uWSGI worker 3 (pid: 1462, cores: 1)
spawned uWSGI worker 4 (pid: 1463, cores: 1)
spawned uWSGI http 1 (pid: 1464)
*** Starting uWSGI 2.0.17 (64bit) on [Thu Jul 12 13:23:59 2018] ***
compiled with version: 4.2.1 Compatible Apple LLVM 9.1.0 (clang-902.0.39.2) on 02 July 2018 06:26:33
os: Darwin-17.6.0 Darwin Kernel Version 17.6.0: Tue May  8 15:22:16 PDT 2018; root:xnu-4570.61.1~1/RELEASE_X86_64
nodename: AsminmatoMacBook-Air.local
machine: x86_64
clock source: unix
detected number of CPU cores: 4
current working directory: /Users/adnun/cj
writing pidfile to pid.uwsgi
detected binary path: /usr/local/bin/uwsgi
!!! no internal routing support, rebuild with pcre support !!!
chdir() to /Users/adnun/cj/
your processes number limit is 709
your memory page size is 4096 bytes
detected max file descriptor number: 2560
building mime-types dictionary from file /etc/apache2/mime.types...1003 entry found
lock engine: OSX spinlocks
thunder lock: disabled (you can enable it with --thunder-lock)
probably another instance of uWSGI is running on the same address (:8009).
bind(): Address already in use [core/socket.c line 769]
*** Starting uWSGI 2.0.17 (64bit) on [Thu Jul 12 13:24:00 2018] ***
compiled with version: 4.2.1 Compatible Apple LLVM 9.1.0 (clang-902.0.39.2) on 02 July 2018 06:26:33
os: Darwin-17.6.0 Darwin Kernel Version 17.6.0: Tue May  8 15:22:16 PDT 2018; root:xnu-4570.61.1~1/RELEASE_X86_64
nodename: AsminmatoMacBook-Air.local
machine: x86_64
clock source: unix
detected number of CPU cores: 4
current working directory: /Users/adnun/cj
writing pidfile to pid.uwsgi
detected binary path: /usr/local/bin/uwsgi
!!! no internal routing support, rebuild with pcre support !!!
chdir() to /Users/adnun/cj/
your processes number limit is 709
your memory page size is 4096 bytes
detected max file descriptor number: 2560
building mime-types dictionary from file /etc/apache2/mime.types...1003 entry found
lock engine: OSX spinlocks
thunder lock: disabled (you can enable it with --thunder-lock)
probably another instance of uWSGI is running on the same address (:8009).
bind(): Address already in use [core/socket.c line 769]
